<?xml version="1.0" encoding="UTF-8"?>
<!-- Generated by org.testng.reporters.JUnitReportReporter -->
<testsuite hostname="WINDOWS-N0Q5TOC" failures="0" tests="1" name="mavenauto.NegativeLoginTest" time="13.768" errors="0" timestamp="2023-10-13T01:10:38 EDT" skipped="0">
  <testcase classname="mavenauto.NegativeLoginTest" name="loginWithIncorrectPasswordTest" time="13.768"/>
  <system-out/>
</testsuite> <!-- mavenauto.NegativeLoginTest -->
